ERROR
java.io.FileNotFoundException: Could not find /usr/local/blackboard/apps/service-wrapper/bin/C:\bb\projects\EnsembleB2\build\_distrib_\HelloB2.war
	at blackboard.plugins.sb.SbManagerImpl.installPlugin(SbManagerImpl.java:57)
	at blackboard.plugins.sb.SbManagerImpl.installPlugin(SbManagerImpl.java:44)
	at blackboard.plugins.sb.struts.InstallAction.performInstall(InstallAction.java:37)
	at blackboard.plugins.sb.struts.AbstractInstallAction.execute(AbstractInstallAction.java:45)
	at org.apache.struts.chain.commands.servlet.ExecuteAction.execute(ExecuteAction.java:53)
	at org.apache.struts.chain.commands.AbstractExecuteAction.execute(AbstractExecuteAction.java:64)
	at org.apache.struts.chain.commands.ActionCommandBase.execute(ActionCommandBase.java:48)
	at org.apache.commons.chain.impl.ChainBase.execute(ChainBase.java:191)
	at org.apache.commons.chain.generic.LookupCommand.execute(LookupCommand.java:305)
	at org.apache.commons.chain.impl.ChainBase.execute(ChainBase.java:191)
	at org.apache.struts.chain.ComposableRequestProcessor.process(ComposableRequestProcessor.java:280)
	at org.apache.struts.action.ActionServlet.process(ActionServlet.java:1858)
	at org.apache.struts.action.ActionServlet.doGet(ActionServlet.java:446)
	at javax.servlet.http.HttpServlet.service(HttpServlet.java:622)
	at javax.servlet.http.HttpServlet.service(HttpServlet.java:729)
	at sun.reflect.GeneratedMethodAccessor806.invoke(Unknown Source)
	at sun.reflect.DelegatingMethodAccessorImpl.invoke(DelegatingMethodAccessorImpl.java:43)
	at java.lang.reflect.Method.invoke(Method.java:498)
	at org.apache.catalina.security.SecurityUtil$1.run(SecurityUtil.java:282)
	at org.apache.catalina.security.SecurityUtil$1.run(SecurityUtil.java:279)
	at java.security.AccessController.doPrivileged(Native Method)
	at javax.security.auth.Subject.doAsPrivileged(Subject.java:549)
	at org.apache.catalina.security.SecurityUtil.execute(SecurityUtil.java:314)
	at org.apache.catalina.security.SecurityUtil.doAsPrivilege(SecurityUtil.java:170)
	at org.apache.catalina.core.ApplicationFilterChain.internalDoFilter(ApplicationFilterChain.java:224)
	at org.apache.catalina.core.ApplicationFilterChain.access$000(ApplicationFilterChain.java:46)
	at org.apache.catalina.core.ApplicationFilterChain$1.run(ApplicationFilterChain.java:148)
	at org.apache.catalina.core.ApplicationFilterChain$1.run(ApplicationFilterChain.java:144)
	at java.security.AccessController.doPrivileged(Native Method)
	at org.apache.catalina.core.ApplicationFilterChain.doFilter(ApplicationFilterChain.java:143)
	at org.apache.catalina.core.ApplicationDispatcher.invoke(ApplicationDispatcher.java:726)
	at org.apache.catalina.core.ApplicationDispatcher.processRequest(ApplicationDispatcher.java:469)
	at org.apache.catalina.core.ApplicationDispatcher.doForward(ApplicationDispatcher.java:394)
	at org.apache.catalina.core.ApplicationDispatcher.access$000(ApplicationDispatcher.java:63)
	at org.apache.catalina.core.ApplicationDispatcher$PrivilegedForward.run(ApplicationDispatcher.java:95)
	at org.apache.catalina.core.ApplicationDispatcher$PrivilegedForward.run(ApplicationDispatcher.java:83)
	at java.security.AccessController.doPrivileged(Native Method)
	at org.apache.catalina.core.ApplicationDispatcher.forward(ApplicationDispatcher.java:303)
	at blackboard.platform.servlet.B2ContextFilter.doFilter(B2ContextFilter.java:126)
	at sun.reflect.GeneratedMethodAccessor785.invoke(Unknown Source)
	at sun.reflect.DelegatingMethodAccessorImpl.invoke(DelegatingMethodAccessorImpl.java:43)
	at java.lang.reflect.Method.invoke(Method.java:498)
	at org.apache.catalina.security.SecurityUtil$1.run(SecurityUtil.java:282)
	at org.apache.catalina.security.SecurityUtil$1.run(SecurityUtil.java:279)
	at java.security.AccessController.doPrivileged(Native Method)
	at javax.security.auth.Subject.doAsPrivileged(Subject.java:549)
	at org.apache.catalina.security.SecurityUtil.execute(SecurityUtil.java:314)
	at org.apache.catalina.security.SecurityUtil.doAsPrivilege(SecurityUtil.java:253)
	at org.apache.catalina.core.ApplicationFilterChain.internalDoFilter(ApplicationFilterChain.java:190)
	at org.apache.catalina.core.ApplicationFilterChain.access$000(ApplicationFilterChain.java:46)
	at org.apache.catalina.core.ApplicationFilterChain$1.run(ApplicationFilterChain.java:148)
	at org.apache.catalina.core.ApplicationFilterChain$1.run(ApplicationFilterChain.java:144)
	at java.security.AccessController.doPrivileged(Native Method)
	at org.apache.catalina.core.ApplicationFilterChain.doFilter(ApplicationFilterChain.java:143)
	at blackboard.platform.servlet.ContentTypeFilter.doFilter(ContentTypeFilter.java:53)
	at sun.reflect.GeneratedMethodAccessor785.invoke(Unknown Source)
	at sun.reflect.DelegatingMethodAccessorImpl.invoke(DelegatingMethodAccessorImpl.java:43)
	at java.lang.reflect.Method.invoke(Method.java:498)
	at org.apache.catalina.security.SecurityUtil$1.run(SecurityUtil.java:282)
	at org.apache.catalina.security.SecurityUtil$1.run(SecurityUtil.java:279)
	at java.security.AccessController.doPrivileged(Native Method)
	at javax.security.auth.Subject.doAsPrivileged(Subject.java:549)
	at org.apache.catalina.security.SecurityUtil.execute(SecurityUtil.java:314)
	at org.apache.catalina.security.SecurityUtil.doAsPrivilege(SecurityUtil.java:253)
	at org.apache.catalina.core.ApplicationFilterChain.internalDoFilter(ApplicationFilterChain.java:190)
	at org.apache.catalina.core.ApplicationFilterChain.access$000(ApplicationFilterChain.java:46)
	at org.apache.catalina.core.ApplicationFilterChain$1.run(ApplicationFilterChain.java:148)
	at org.apache.catalina.core.ApplicationFilterChain$1.run(ApplicationFilterChain.java:144)
	at java.security.AccessController.doPrivileged(Native Method)
	at org.apache.catalina.core.ApplicationFilterChain.doFilter(ApplicationFilterChain.java:143)
	at blackboard.platform.servlet.XssServletFilter.doFilter(XssServletFilter.java:48)
	at sun.reflect.GeneratedMethodAccessor785.invoke(Unknown Source)
	at sun.reflect.DelegatingMethodAccessorImpl.invoke(DelegatingMethodAccessorImpl.java:43)
	at java.lang.reflect.Method.invoke(Method.java:498)
	at org.apache.catalina.security.SecurityUtil$1.run(SecurityUtil.java:282)
	at org.apache.catalina.security.SecurityUtil$1.run(SecurityUtil.java:279)
	at java.security.AccessController.doPrivileged(Native Method)
	at javax.security.auth.Subject.doAsPrivileged(Subject.java:549)
	at org.apache.catalina.security.SecurityUtil.execute(SecurityUtil.java:314)
	at org.apache.catalina.security.SecurityUtil.doAsPrivilege(SecurityUtil.java:253)
	at org.apache.catalina.core.ApplicationFilterChain.internalDoFilter(ApplicationFilterChain.java:190)
	at org.apache.catalina.core.ApplicationFilterChain.access$000(ApplicationFilterChain.java:46)
	at org.apache.catalina.core.ApplicationFilterChain$1.run(ApplicationFilterChain.java:148)
	at org.apache.catalina.core.ApplicationFilterChain$1.run(ApplicationFilterChain.java:144)
	at java.security.AccessController.doPrivileged(Native Method)
	at org.apache.catalina.core.ApplicationFilterChain.doFilter(ApplicationFilterChain.java:143)
	at blackboard.platform.servlet.XssInputValidationFilter.doFilter(XssInputValidationFilter.java:40)
	at sun.reflect.GeneratedMethodAccessor785.invoke(Unknown Source)
	at sun.reflect.DelegatingMethodAccessorImpl.invoke(DelegatingMethodAccessorImpl.java:43)
	at java.lang.reflect.Method.invoke(Method.java:498)
	at org.apache.catalina.security.SecurityUtil$1.run(SecurityUtil.java:282)
	at org.apache.catalina.security.SecurityUtil$1.run(SecurityUtil.java:279)
	at java.security.AccessController.doPrivileged(Native Method)
	at javax.security.auth.Subject.doAsPrivileged(Subject.java:549)
	at org.apache.catalina.security.SecurityUtil.execute(SecurityUtil.java:314)
	at org.apache.catalina.security.SecurityUtil.doAsPrivilege(SecurityUtil.java:253)
	at org.apache.catalina.core.ApplicationFilterChain.internalDoFilter(ApplicationFilterChain.java:190)
	at org.apache.catalina.core.ApplicationFilterChain.access$000(ApplicationFilterChain.java:46)
	at org.apache.catalina.core.ApplicationFilterChain$1.run(ApplicationFilterChain.java:148)
	at org.apache.catalina.core.ApplicationFilterChain$1.run(ApplicationFilterChain.java:144)
	at java.security.AccessController.doPrivileged(Native Method)
	at org.apache.catalina.core.ApplicationFilterChain.doFilter(ApplicationFilterChain.java:143)
	at blackboard.platform.servlet.ContentIsolationFilter.doFilter(ContentIsolationFilter.java:83)
	at sun.reflect.GeneratedMethodAccessor785.invoke(Unknown Source)
	at sun.reflect.DelegatingMethodAccessorImpl.invoke(DelegatingMethodAccessorImpl.java:43)
	at java.lang.reflect.Method.invoke(Method.java:498)
	at org.apache.catalina.security.SecurityUtil$1.run(SecurityUtil.java:282)
	at org.apache.catalina.security.SecurityUtil$1.run(SecurityUtil.java:279)
	at java.security.AccessController.doPrivileged(Native Method)
	at javax.security.auth.Subject.doAsPrivileged(Subject.java:549)
	at org.apache.catalina.security.SecurityUtil.execute(SecurityUtil.java:314)
	at org.apache.catalina.security.SecurityUtil.doAsPrivilege(SecurityUtil.java:253)
	at org.apache.catalina.core.ApplicationFilterChain.internalDoFilter(ApplicationFilterChain.java:190)
	at org.apache.catalina.core.ApplicationFilterChain.access$000(ApplicationFilterChain.java:46)
	at org.apache.catalina.core.ApplicationFilterChain$1.run(ApplicationFilterChain.java:148)
	at org.apache.catalina.core.ApplicationFilterChain$1.run(ApplicationFilterChain.java:144)
	at java.security.AccessController.doPrivileged(Native Method)
	at org.apache.catalina.core.ApplicationFilterChain.doFilter(ApplicationFilterChain.java:143)
	at blackboard.platform.servlet.RequestSessionFilter.doFilter(RequestSessionFilter.java:198)
	at sun.reflect.GeneratedMethodAccessor785.invoke(Unknown Source)
	at sun.reflect.DelegatingMethodAccessorImpl.invoke(DelegatingMethodAccessorImpl.java:43)
	at java.lang.reflect.Method.invoke(Method.java:498)
	at org.apache.catalina.security.SecurityUtil$1.run(SecurityUtil.java:282)
	at org.apache.catalina.security.SecurityUtil$1.run(SecurityUtil.java:279)
	at java.security.AccessController.doPrivileged(Native Method)
	at javax.security.auth.Subject.doAsPrivileged(Subject.java:549)
	at org.apache.catalina.security.SecurityUtil.execute(SecurityUtil.java:314)
	at org.apache.catalina.security.SecurityUtil.doAsPrivilege(SecurityUtil.java:253)
	at org.apache.catalina.core.ApplicationFilterChain.internalDoFilter(ApplicationFilterChain.java:190)
	at org.apache.catalina.core.ApplicationFilterChain.access$000(ApplicationFilterChain.java:46)
	at org.apache.catalina.core.ApplicationFilterChain$1.run(ApplicationFilterChain.java:148)
	at org.apache.catalina.core.ApplicationFilterChain$1.run(ApplicationFilterChain.java:144)
	at java.security.AccessController.doPrivileged(Native Method)
	at org.apache.catalina.core.ApplicationFilterChain.doFilter(ApplicationFilterChain.java:143)
	at blackboard.platform.servlet.RequestSecurityFilter.doFilter(RequestSecurityFilter.java:77)
	at sun.reflect.GeneratedMethodAccessor785.invoke(Unknown Source)
	at sun.reflect.DelegatingMethodAccessorImpl.invoke(DelegatingMethodAccessorImpl.java:43)
	at java.lang.reflect.Method.invoke(Method.java:498)
	at org.apache.catalina.security.SecurityUtil$1.run(SecurityUtil.java:282)
	at org.apache.catalina.security.SecurityUtil$1.run(SecurityUtil.java:279)
	at java.security.AccessController.doPrivileged(Native Method)
	at javax.security.auth.Subject.doAsPrivileged(Subject.java:549)
	at org.apache.catalina.security.SecurityUtil.execute(SecurityUtil.java:314)
	at org.apache.catalina.security.SecurityUtil.doAsPrivilege(SecurityUtil.java:253)
	at org.apache.catalina.core.ApplicationFilterChain.internalDoFilter(ApplicationFilterChain.java:190)
	at org.apache.catalina.core.ApplicationFilterChain.access$000(ApplicationFilterChain.java:46)
	at org.apache.catalina.core.ApplicationFilterChain$1.run(ApplicationFilterChain.java:148)
	at org.apache.catalina.core.ApplicationFilterChain$1.run(ApplicationFilterChain.java:144)
	at java.security.AccessController.doPrivileged(Native Method)
	at org.apache.catalina.core.ApplicationFilterChain.doFilter(ApplicationFilterChain.java:143)
	at blackboard.platform.servlet.RequestClassParamFilter.doFilter(RequestClassParamFilter.java:42)
	at sun.reflect.GeneratedMethodAccessor785.invoke(Unknown Source)
	at sun.reflect.DelegatingMethodAccessorImpl.invoke(DelegatingMethodAccessorImpl.java:43)
	at java.lang.reflect.Method.invoke(Method.java:498)
	at org.apache.catalina.security.SecurityUtil$1.run(SecurityUtil.java:282)
	at org.apache.catalina.security.SecurityUtil$1.run(SecurityUtil.java:279)
	at java.security.AccessController.doPrivileged(Native Method)
	at javax.security.auth.Subject.doAsPrivileged(Subject.java:549)
	at org.apache.catalina.security.SecurityUtil.execute(SecurityUtil.java:314)
	at org.apache.catalina.security.SecurityUtil.doAsPrivilege(SecurityUtil.java:253)
	at org.apache.catalina.core.ApplicationFilterChain.internalDoFilter(ApplicationFilterChain.java:190)
	at org.apache.catalina.core.ApplicationFilterChain.access$000(ApplicationFilterChain.java:46)
	at org.apache.catalina.core.ApplicationFilterChain$1.run(ApplicationFilterChain.java:148)
	at org.apache.catalina.core.ApplicationFilterChain$1.run(ApplicationFilterChain.java:144)
	at java.security.AccessController.doPrivileged(Native Method)
	at org.apache.catalina.core.ApplicationFilterChain.doFilter(ApplicationFilterChain.java:143)
	at org.apache.catalina.core.StandardWrapperValve.invoke(StandardWrapperValve.java:198)
	at org.apache.catalina.core.StandardContextValve.invoke(StandardContextValve.java:108)
	at org.apache.catalina.core.StandardHostValve.invoke(StandardHostValve.java:140)
	at org.apache.catalina.valves.ErrorReportValve.invoke(ErrorReportValve.java:79)
	at org.apache.catalina.valves.StuckThreadDetectionValve.invoke(StuckThreadDetectionValve.java:206)
	at org.apache.catalina.valves.AbstractAccessLogValve.invoke(AbstractAccessLogValve.java:620)
	at org.apache.catalina.valves.RemoteIpValve.invoke(RemoteIpValve.java:677)
	at blackboard.tomcat.valves.LoggingRemoteIpValve.invoke(LoggingRemoteIpValve.java:44)
	at org.apache.catalina.core.StandardEngineValve.invoke(StandardEngineValve.java:87)
	at org.apache.catalina.connector.CoyoteAdapter.service(CoyoteAdapter.java:349)
	at org.apache.coyote.http11.Http11Processor.service(Http11Processor.java:1110)
	at org.apache.coyote.AbstractProcessorLight.process(AbstractProcessorLight.java:66)
	at org.apache.coyote.AbstractProtocol$ConnectionHandler.process(AbstractProtocol.java:785)
	at org.apache.tomcat.util.net.NioEndpoint$SocketProcessor.doRun(NioEndpoint.java:1425)
	at org.apache.tomcat.util.net.SocketProcessorBase.run(SocketProcessorBase.java:49)
	at java.util.concurrent.ThreadPoolExecutor.runWorker(ThreadPoolExecutor.java:1142)
	at java.util.concurrent.ThreadPoolExecutor$Worker.run(ThreadPoolExecutor.java:617)
	at org.apache.tomcat.util.threads.TaskThread$WrappingRunnable.run(TaskThread.java:61)
	at java.lang.Thread.run(Thread.java:745)
